This is pdfTeX, Version 3.14159265-2.6-1.40.18 (MiKTeX 2.9.6350 64-bit) (preloaded format=pdflatex 2017.11.10)  20 SEP 2018 13:56
entering extended mode
**./Python.tex
(Python.tex
LaTeX2e <2017-04-15>
Babel <3.10> and hyphenation patterns for 75 language(s) loaded.
(E:\Applis\tex\tex\latex\base\book.cls
Document Class: book 2014/09/29 v1.4h Standard LaTeX document class
(E:\Applis\tex\tex\latex\base\bk11.clo
File: bk11.clo 2014/09/29 v1.4h Standard LaTeX file (size option)
)
\c@part=\count79
\c@chapter=\count80
\c@section=\count81
\c@subsection=\count82
\c@subsubsection=\count83
\c@paragraph=\count84
\c@subparagraph=\count85
\c@figure=\count86
\c@table=\count87
\abovecaptionskip=\skip41
\belowcaptionskip=\skip42
\bibindent=\dimen102
)
(E:\Applis\tex\tex\latex\base\fontenc.sty
Package: fontenc 2017/04/05 v2.0i Standard LaTeX package

(E:\Applis\tex\tex\latex\base\t1enc.def
File: t1enc.def 2017/04/05 v2.0i Standard LaTeX file
LaTeX Font Info:    Redeclaring font encoding T1 on input line 48.
))
(E:\Applis\tex\tex\latex\psnfss\mathpazo.sty
Package: mathpazo 2005/04/12 PSNFSS-v9.2a Palatino w/ Pazo Math (D.Puga, WaS) 
\symupright=\mathgroup4
)
(E:\Applis\tex\tex\generic\babel\babel.sty
Package: babel 2017/05/19 3.10 The Babel package

*************************************
* Local config file bblopts.cfg used
*
(E:\Applis\tex\tex\latex\arabi\bblopts.cfg
File: bblopts.cfg 2005/09/08 v0.1 add Arabic and Farsi to "declared" options of
 babel
)
(E:\Applis\tex\tex\generic\babel-french\frenchb.ldf
Language: frenchb 2017/04/30 v3.3a French support from the babel system

(E:\Applis\tex\tex\generic\babel\babel.def
File: babel.def 2017/05/19 3.10 Babel common definitions
\babel@savecnt=\count88
\U@D=\dimen103
)
\l@acadian = a dialect from \language\l@french 
\l@canadien = a dialect from \language\l@french 
\FB@nonchar=\count89
\FBcolonsp=\toks14
\FBthinsp=\toks15
Package babel Info: Making : an active character on input line 362.
Package babel Info: Making ; an active character on input line 363.
Package babel Info: Making ! an active character on input line 364.
Package babel Info: Making ? an active character on input line 365.
\FBguillsp=\toks16
\FBguill@level=\count90
\FB@everypar=\toks17
\FB@Mht=\dimen104
\mc@charclass=\count91
\mc@charfam=\count92
\mc@charslot=\count93
\std@mcc=\count94
\dec@mcc=\count95
\listindentFB=\skip43
\descindentFB=\skip44
\labelwidthFB=\skip45
\leftmarginFB=\skip46
\parindentFFN=\dimen105
\FBfnindent=\skip47
)
(E:\Applis\tex\tex\generic\babel-french\frenchb.ldf
Language: frenchb 2017/04/30 v3.3a French support from the babel system
))
(E:\Applis\tex\tex\latex\carlisle\scalefnt.sty)
(E:\Applis\tex\tex\latex\graphics\keyval.sty
Package: keyval 2014/10/28 v1.15 key=value parser (DPC)
\KV@toks@=\toks18
)
(E:\Applis\tex\tex\latex\graphics\graphicx.sty
Package: graphicx 2014/10/28 v1.0g Enhanced LaTeX Graphics (DPC,SPQR)

(E:\Applis\tex\tex\latex\graphics\graphics.sty
Package: graphics 2017/04/14 v1.1b Standard LaTeX Graphics (DPC,SPQR)

(E:\Applis\tex\tex\latex\graphics\trig.sty
Package: trig 2016/01/03 v1.10 sin cos tan (DPC)
)
(E:\Applis\tex\tex\latex\graphics-cfg\graphics.cfg
File: graphics.cfg 2016/06/04 v1.11 sample graphics configuration
)
Package graphics Info: Driver file: pdftex.def on input line 99.

(E:\Applis\tex\tex\latex\graphics-def\pdftex.def
File: pdftex.def 2017/01/12 v0.06k Graphics/color for pdfTeX

(E:\Applis\tex\tex\generic\oberdiek\infwarerr.sty
Package: infwarerr 2016/05/16 v1.4 Providing info/warning/error messages (HO)
)
(E:\Applis\tex\tex\generic\oberdiek\ltxcmds.sty
Package: ltxcmds 2016/05/16 v1.23 LaTeX kernel commands for general use (HO)
)
\Gread@gobject=\count96
))
\Gin@req@height=\dimen106
\Gin@req@width=\dimen107
)
(E:\Applis\tex\tex\latex\caption\caption.sty
Package: caption 2016/02/21 v3.3-144 Customizing captions (AR)

(E:\Applis\tex\tex\latex\caption\caption3.sty
Package: caption3 2016/05/22 v1.7-166 caption3 kernel (AR)
Package caption3 Info: TeX engine: e-TeX on input line 67.
\captionmargin=\dimen108
\captionmargin@=\dimen109
\captionwidth=\dimen110
\caption@tempdima=\dimen111
\caption@indent=\dimen112
\caption@parindent=\dimen113
\caption@hangindent=\dimen114
)
\c@ContinuedFloat=\count97
)
(E:\Applis\tex\tex\latex\adjustbox\adjustbox.sty
Package: adjustbox 2012/05/21 v1.0 Adjusting TeX boxes (trim, clip, ...)

(E:\Applis\tex\tex\latex\xkeyval\xkeyval.sty
Package: xkeyval 2014/12/03 v2.7a package option processing (HA)

(E:\Applis\tex\tex\generic\xkeyval\xkeyval.tex
(E:\Applis\tex\tex\generic\xkeyval\xkvutils.tex
\XKV@toks=\toks19
\XKV@tempa@toks=\toks20
)
\XKV@depth=\count98
File: xkeyval.tex 2014/12/03 v2.7a key=value parser (HA)
))
(E:\Applis\tex\tex\latex\adjustbox\adjcalc.sty
Package: adjcalc 2012/05/16 v1.1 Provides advanced setlength with multiple back
-ends (calc, etex, pgfmath)
)
(E:\Applis\tex\tex\latex\adjustbox\trimclip.sty
Package: trimclip 2012/05/16 v1.0 Trim and clip general TeX material

(E:\Applis\tex\tex\latex\collectbox\collectbox.sty
Package: collectbox 2012/05/17 v0.4b Collect macro arguments as boxes
\collectedbox=\box26
)
\tc@llx=\dimen115
\tc@lly=\dimen116
\tc@urx=\dimen117
\tc@ury=\dimen118
Package trimclip Info: Using driver 'tc-pdftex.def'.

(E:\Applis\tex\tex\latex\adjustbox\tc-pdftex.def
File: tc-pdftex.def 2012/05/13 v1.0 Clipping driver for pdftex
))
\adjbox@Width=\dimen119
\adjbox@Height=\dimen120
\adjbox@Depth=\dimen121
\adjbox@Totalheight=\dimen122

(E:\Applis\tex\tex\latex\ifoddpage\ifoddpage.sty
Package: ifoddpage 2016/04/23 v1.1 Conditionals for odd/even page detection
\c@checkoddpage=\count99
)
(E:\Applis\tex\tex\latex\ltxmisc\varwidth.sty
Package: varwidth 2009/03/30 ver 0.92;  Variable-width minipages
\@vwid@box=\box27
\sift@deathcycles=\count100
\@vwid@loff=\dimen123
\@vwid@roff=\dimen124
))
(E:\Applis\tex\tex\latex\xcolor\xcolor.sty
Package: xcolor 2016/05/11 v2.12 LaTeX color extensions (UK)

(E:\Applis\tex\tex\latex\graphics-cfg\color.cfg
File: color.cfg 2016/01/02 v1.6 sample color configuration
)
Package xcolor Info: Driver file: pdftex.def on input line 225.
Package xcolor Info: Model `cmy' substituted by `cmy0' on input line 1348.
Package xcolor Info: Model `hsb' substituted by `rgb' on input line 1352.
Package xcolor Info: Model `RGB' extended on input line 1364.
Package xcolor Info: Model `HTML' substituted by `rgb' on input line 1366.
Package xcolor Info: Model `Hsb' substituted by `hsb' on input line 1367.
Package xcolor Info: Model `tHsb' substituted by `hsb' on input line 1368.
Package xcolor Info: Model `HSB' substituted by `hsb' on input line 1369.
Package xcolor Info: Model `Gray' substituted by `gray' on input line 1370.
Package xcolor Info: Model `wave' substituted by `hsb' on input line 1371.
)
(E:\Applis\tex\tex\latex\tools\enumerate.sty
Package: enumerate 2015/07/23 v3.00 enumerate extensions (DPC)
\@enLab=\toks21
)
(E:\Applis\tex\tex\latex\geometry\geometry.sty
Package: geometry 2010/09/12 v5.6 Page Geometry

(E:\Applis\tex\tex\generic\oberdiek\ifpdf.sty
Package: ifpdf 2017/03/15 v3.2 Provides the ifpdf switch
)
(E:\Applis\tex\tex\generic\oberdiek\ifvtex.sty
Package: ifvtex 2016/05/16 v1.6 Detect VTeX and its facilities (HO)
Package ifvtex Info: VTeX not detected.
)
(E:\Applis\tex\tex\generic\ifxetex\ifxetex.sty
Package: ifxetex 2010/09/12 v0.6 Provides ifxetex conditional
)
\Gm@cnth=\count101
\Gm@cntv=\count102
\c@Gm@tempcnt=\count103
\Gm@bindingoffset=\dimen125
\Gm@wd@mp=\dimen126
\Gm@odd@mp=\dimen127
\Gm@even@mp=\dimen128
\Gm@layoutwidth=\dimen129
\Gm@layoutheight=\dimen130
\Gm@layouthoffset=\dimen131
\Gm@layoutvoffset=\dimen132
\Gm@dimlist=\toks22

(E:\Applis\tex\tex\latex\geometry\geometry.cfg))
(E:\Applis\tex\tex\latex\amsmath\amsmath.sty
Package: amsmath 2016/11/05 v2.16a AMS math features
\@mathmargin=\skip48

For additional information on amsmath, use the `?' option.
(E:\Applis\tex\tex\latex\amsmath\amstext.sty
Package: amstext 2000/06/29 v2.01 AMS text

(E:\Applis\tex\tex\latex\amsmath\amsgen.sty
File: amsgen.sty 1999/11/30 v2.0 generic functions
\@emptytoks=\toks23
\ex@=\dimen133
))
(E:\Applis\tex\tex\latex\amsmath\amsbsy.sty
Package: amsbsy 1999/11/29 v1.2d Bold Symbols
\pmbraise@=\dimen134
)
(E:\Applis\tex\tex\latex\amsmath\amsopn.sty
Package: amsopn 2016/03/08 v2.02 operator names
)
\inf@bad=\count104
LaTeX Info: Redefining \frac on input line 213.
\uproot@=\count105
\leftroot@=\count106
LaTeX Info: Redefining \overline on input line 375.
\classnum@=\count107
\DOTSCASE@=\count108
LaTeX Info: Redefining \ldots on input line 472.
LaTeX Info: Redefining \dots on input line 475.
LaTeX Info: Redefining \cdots on input line 596.
\Mathstrutbox@=\box28
\strutbox@=\box29
\big@size=\dimen135
LaTeX Font Info:    Redeclaring font encoding OML on input line 712.
LaTeX Font Info:    Redeclaring font encoding OMS on input line 713.
\macc@depth=\count109
\c@MaxMatrixCols=\count110
\dotsspace@=\muskip10
\c@parentequation=\count111
\dspbrk@lvl=\count112
\tag@help=\toks24
\row@=\count113
\column@=\count114
\maxfields@=\count115
\andhelp@=\toks25
\eqnshift@=\dimen136
\alignsep@=\dimen137
\tagshift@=\dimen138
\tagwidth@=\dimen139
\totwidth@=\dimen140
\lineht@=\dimen141
\@envbody=\toks26
\multlinegap=\skip49
\multlinetaggap=\skip50
\mathdisplay@stack=\toks27
LaTeX Info: Redefining \[ on input line 2817.
LaTeX Info: Redefining \] on input line 2818.
)
(E:\Applis\tex\tex\latex\amsfonts\amssymb.sty
Package: amssymb 2013/01/14 v3.01 AMS font symbols

(E:\Applis\tex\tex\latex\amsfonts\amsfonts.sty
Package: amsfonts 2013/01/14 v3.01 Basic AMSFonts support
\symAMSa=\mathgroup5
\symAMSb=\mathgroup6
LaTeX Font Info:    Overwriting math alphabet `\mathfrak' in version `bold'
(Font)                  U/euf/m/n --> U/euf/b/n on input line 106.
))
(E:\Applis\tex\tex\latex\base\textcomp.sty
Package: textcomp 2017/04/05 v2.0i Standard LaTeX package
Package textcomp Info: Sub-encoding information:
(textcomp)               5 = only ISO-Adobe without \textcurrency
(textcomp)               4 = 5 + \texteuro
(textcomp)               3 = 4 + \textohm
(textcomp)               2 = 3 + \textestimated + \textcurrency
(textcomp)               1 = TS1 - \textcircled - \t
(textcomp)               0 = TS1 (full)
(textcomp)             Font families with sub-encoding setting implement
(textcomp)             only a restricted character set as indicated.
(textcomp)             Family '?' is the default used for unknown fonts.
(textcomp)             See the documentation for details.
Package textcomp Info: Setting ? sub-encoding to TS1/1 on input line 79.

(E:\Applis\tex\tex\latex\base\ts1enc.def
File: ts1enc.def 2001/06/05 v3.0e (jk/car/fm) Standard LaTeX file
)
LaTeX Info: Redefining \oldstylenums on input line 334.
Package textcomp Info: Setting cmr sub-encoding to TS1/0 on input line 349.
Package textcomp Info: Setting cmss sub-encoding to TS1/0 on input line 350.
Package textcomp Info: Setting cmtt sub-encoding to TS1/0 on input line 351.
Package textcomp Info: Setting cmvtt sub-encoding to TS1/0 on input line 352.
Package textcomp Info: Setting cmbr sub-encoding to TS1/0 on input line 353.
Package textcomp Info: Setting cmtl sub-encoding to TS1/0 on input line 354.
Package textcomp Info: Setting ccr sub-encoding to TS1/0 on input line 355.
Package textcomp Info: Setting ptm sub-encoding to TS1/4 on input line 356.
Package textcomp Info: Setting pcr sub-encoding to TS1/4 on input line 357.
Package textcomp Info: Setting phv sub-encoding to TS1/4 on input line 358.
Package textcomp Info: Setting ppl sub-encoding to TS1/3 on input line 359.
Package textcomp Info: Setting pag sub-encoding to TS1/4 on input line 360.
Package textcomp Info: Setting pbk sub-encoding to TS1/4 on input line 361.
Package textcomp Info: Setting pnc sub-encoding to TS1/4 on input line 362.
Package textcomp Info: Setting pzc sub-encoding to TS1/4 on input line 363.
Package textcomp Info: Setting bch sub-encoding to TS1/4 on input line 364.
Package textcomp Info: Setting put sub-encoding to TS1/5 on input line 365.
Package textcomp Info: Setting uag sub-encoding to TS1/5 on input line 366.
Package textcomp Info: Setting ugq sub-encoding to TS1/5 on input line 367.
Package textcomp Info: Setting ul8 sub-encoding to TS1/4 on input line 368.
Package textcomp Info: Setting ul9 sub-encoding to TS1/4 on input line 369.
Package textcomp Info: Setting augie sub-encoding to TS1/5 on input line 370.
Package textcomp Info: Setting dayrom sub-encoding to TS1/3 on input line 371.
Package textcomp Info: Setting dayroms sub-encoding to TS1/3 on input line 372.

Package textcomp Info: Setting pxr sub-encoding to TS1/0 on input line 373.
Package textcomp Info: Setting pxss sub-encoding to TS1/0 on input line 374.
Package textcomp Info: Setting pxtt sub-encoding to TS1/0 on input line 375.
Package textcomp Info: Setting txr sub-encoding to TS1/0 on input line 376.
Package textcomp Info: Setting txss sub-encoding to TS1/0 on input line 377.
Package textcomp Info: Setting txtt sub-encoding to TS1/0 on input line 378.
Package textcomp Info: Setting lmr sub-encoding to TS1/0 on input line 379.
Package textcomp Info: Setting lmdh sub-encoding to TS1/0 on input line 380.
Package textcomp Info: Setting lmss sub-encoding to TS1/0 on input line 381.
Package textcomp Info: Setting lmssq sub-encoding to TS1/0 on input line 382.
Package textcomp Info: Setting lmvtt sub-encoding to TS1/0 on input line 383.
Package textcomp Info: Setting lmtt sub-encoding to TS1/0 on input line 384.
Package textcomp Info: Setting qhv sub-encoding to TS1/0 on input line 385.
Package textcomp Info: Setting qag sub-encoding to TS1/0 on input line 386.
Package textcomp Info: Setting qbk sub-encoding to TS1/0 on input line 387.
Package textcomp Info: Setting qcr sub-encoding to TS1/0 on input line 388.
Package textcomp Info: Setting qcs sub-encoding to TS1/0 on input line 389.
Package textcomp Info: Setting qpl sub-encoding to TS1/0 on input line 390.
Package textcomp Info: Setting qtm sub-encoding to TS1/0 on input line 391.
Package textcomp Info: Setting qzc sub-encoding to TS1/0 on input line 392.
Package textcomp Info: Setting qhvc sub-encoding to TS1/0 on input line 393.
Package textcomp Info: Setting futs sub-encoding to TS1/4 on input line 394.
Package textcomp Info: Setting futx sub-encoding to TS1/4 on input line 395.
Package textcomp Info: Setting futj sub-encoding to TS1/4 on input line 396.
Package textcomp Info: Setting hlh sub-encoding to TS1/3 on input line 397.
Package textcomp Info: Setting hls sub-encoding to TS1/3 on input line 398.
Package textcomp Info: Setting hlst sub-encoding to TS1/3 on input line 399.
Package textcomp Info: Setting hlct sub-encoding to TS1/5 on input line 400.
Package textcomp Info: Setting hlx sub-encoding to TS1/5 on input line 401.
Package textcomp Info: Setting hlce sub-encoding to TS1/5 on input line 402.
Package textcomp Info: Setting hlcn sub-encoding to TS1/5 on input line 403.
Package textcomp Info: Setting hlcw sub-encoding to TS1/5 on input line 404.
Package textcomp Info: Setting hlcf sub-encoding to TS1/5 on input line 405.
Package textcomp Info: Setting pplx sub-encoding to TS1/3 on input line 406.
Package textcomp Info: Setting pplj sub-encoding to TS1/3 on input line 407.
Package textcomp Info: Setting ptmx sub-encoding to TS1/4 on input line 408.
Package textcomp Info: Setting ptmj sub-encoding to TS1/4 on input line 409.
)
(E:\Applis\tex\tex\latex\upquote\upquote.sty
Package: upquote 2012/04/19 v1.3 upright-quote and grave-accent glyphs in verba
tim
)
(E:\Applis\tex\tex\latex\eurosym\eurosym.sty
Package: eurosym 1998/08/06 v1.1 European currency symbol ``Euro''
\@eurobox=\box30
)
(E:\Applis\tex\tex\latex\ucs\ucs.sty
Package: ucs 2013/05/11 v2.2 UCS: Unicode input support

(E:\Applis\tex\tex\latex\ucs\uni-global.def
File: uni-global.def 2013/05/13 UCS: Unicode global data
)
\uc@secondtry=\count116
\uc@combtoks=\toks28
\uc@combtoksb=\toks29
\uc@temptokena=\toks30
)
(E:\Applis\tex\tex\latex\base\inputenc.sty
Package: inputenc 2015/03/17 v1.2c Input encoding file
\inpenc@prehook=\toks31
\inpenc@posthook=\toks32

(E:\Applis\tex\tex\latex\ucs\utf8x.def
File: utf8x.def 2004/10/17 UCS: Input encoding UTF-8
))
(E:\Applis\tex\tex\latex\fancyvrb\fancyvrb.sty
Package: fancyvrb 2008/02/07

Style option: `fancyvrb' v2.7a, with DG/SPQR fixes, and firstline=lastline fix 
<2008/02/07> (tvz)
\FV@CodeLineNo=\count117
\FV@InFile=\read1
\FV@TabBox=\box31
\c@FancyVerbLine=\count118
\FV@StepNumber=\count119
\FV@OutFile=\write3
) (E:\Applis\tex\tex\latex\oberdiek\grffile.sty
Package: grffile 2016/05/16 v1.17 Extended file name support for graphics (HO)

(E:\Applis\tex\tex\latex\oberdiek\kvoptions.sty
Package: kvoptions 2016/05/16 v3.12 Key value format for package options (HO)

(E:\Applis\tex\tex\generic\oberdiek\kvsetkeys.sty
Package: kvsetkeys 2016/05/16 v1.17 Key value parser (HO)

(E:\Applis\tex\tex\generic\oberdiek\etexcmds.sty
Package: etexcmds 2016/05/16 v1.6 Avoid name clashes with e-TeX commands (HO)

(E:\Applis\tex\tex\generic\oberdiek\ifluatex.sty
Package: ifluatex 2016/05/16 v1.4 Provides the ifluatex switch (HO)
Package ifluatex Info: LuaTeX not detected.
)
Package etexcmds Info: Could not find \expanded.
(etexcmds)             That can mean that you are not using pdfTeX 1.50 or
(etexcmds)             that some package has redefined \expanded.
(etexcmds)             In the latter case, load this package earlier.
)))
(E:\Applis\tex\tex\generic\oberdiek\pdftexcmds.sty
Package: pdftexcmds 2017/03/19 v0.25 Utility functions of pdfTeX for LuaTeX (HO
)
Package pdftexcmds Info: LuaTeX not detected.
Package pdftexcmds Info: \pdf@primitive is available.
Package pdftexcmds Info: \pdf@ifprimitive is available.
Package pdftexcmds Info: \pdfdraftmode found.
)
Package grffile Info: Option `multidot' is set to `true'.
Package grffile Info: Option `extendedchars' is set to `false'.
Package grffile Info: Option `space' is set to `true'.
Package grffile Info: \Gin@ii of package `graphicx' fixed on input line 486.
)
(E:\Applis\tex\tex\latex\hyperref\hyperref.sty
Package: hyperref 2017/03/14 v6.85a Hypertext links for LaTeX

(E:\Applis\tex\tex\generic\oberdiek\hobsub-hyperref.sty
Package: hobsub-hyperref 2016/05/16 v1.14 Bundle oberdiek, subset hyperref (HO)


(E:\Applis\tex\tex\generic\oberdiek\hobsub-generic.sty
Package: hobsub-generic 2016/05/16 v1.14 Bundle oberdiek, subset generic (HO)
Package: hobsub 2016/05/16 v1.14 Construct package bundles (HO)
Package hobsub Info: Skipping package `infwarerr' (already loaded).
Package hobsub Info: Skipping package `ltxcmds' (already loaded).
Package hobsub Info: Skipping package `ifluatex' (already loaded).
Package hobsub Info: Skipping package `ifvtex' (already loaded).
Package: intcalc 2016/05/16 v1.2 Expandable calculations with integers (HO)
Package hobsub Info: Skipping package `ifpdf' (already loaded).
Package hobsub Info: Skipping package `etexcmds' (already loaded).
Package hobsub Info: Skipping package `kvsetkeys' (already loaded).
Package: kvdefinekeys 2016/05/16 v1.4 Define keys (HO)
Package hobsub Info: Skipping package `pdftexcmds' (already loaded).
Package: pdfescape 2016/05/16 v1.14 Implements pdfTeX's escape features (HO)
Package: bigintcalc 2016/05/16 v1.4 Expandable calculations on big integers (HO
)
Package: bitset 2016/05/16 v1.2 Handle bit-vector datatype (HO)
Package: uniquecounter 2016/05/16 v1.3 Provide unlimited unique counter (HO)
)
Package hobsub Info: Skipping package `hobsub' (already loaded).
Package: letltxmacro 2016/05/16 v1.5 Let assignment for LaTeX macros (HO)
Package: hopatch 2016/05/16 v1.3 Wrapper for package hooks (HO)
Package: xcolor-patch 2016/05/16 xcolor patch
Package: atveryend 2016/05/16 v1.9 Hooks at the very end of document (HO)
Package atveryend Info: \enddocument detected (standard20110627).
Package: atbegshi 2016/06/09 v1.18 At begin shipout hook (HO)
Package: refcount 2016/05/16 v3.5 Data extraction from label references (HO)
Package: hycolor 2016/05/16 v1.8 Color options for hyperref/bookmark (HO)
)
(E:\Applis\tex\tex\latex\oberdiek\auxhook.sty
Package: auxhook 2016/05/16 v1.4 Hooks for auxiliary files (HO)
)
\@linkdim=\dimen142
\Hy@linkcounter=\count120
\Hy@pagecounter=\count121

(E:\Applis\tex\tex\latex\hyperref\pd1enc.def
File: pd1enc.def 2017/03/14 v6.85a Hyperref: PDFDocEncoding definition (HO)
)
\Hy@SavedSpaceFactor=\count122

(E:\Applis\tex\tex\latex\00miktex\hyperref.cfg
File: hyperref.cfg 2002/06/06 v1.2 hyperref configuration of TeXLive
)
Package hyperref Info: Hyper figures OFF on input line 4498.
Package hyperref Info: Link nesting OFF on input line 4503.
Package hyperref Info: Hyper index ON on input line 4506.
Package hyperref Info: Plain pages OFF on input line 4513.
Package hyperref Info: Backreferencing OFF on input line 4518.
Package hyperref Info: Implicit mode ON; LaTeX internals redefined.
Package hyperref Info: Bookmarks ON on input line 4751.
\c@Hy@tempcnt=\count123

(E:\Applis\tex\tex\latex\url\url.sty
\Urlmuskip=\muskip11
Package: url 2013/09/16  ver 3.4  Verb mode for urls, etc.
)
LaTeX Info: Redefining \url on input line 5104.
\XeTeXLinkMargin=\dimen143
\Fld@menulength=\count124
\Field@Width=\dimen144
\Fld@charsize=\dimen145
Package hyperref Info: Hyper figures OFF on input line 6358.
Package hyperref Info: Link nesting OFF on input line 6363.
Package hyperref Info: Hyper index ON on input line 6366.
Package hyperref Info: backreferencing OFF on input line 6373.
Package hyperref Info: Link coloring OFF on input line 6378.
Package hyperref Info: Link coloring with OCG OFF on input line 6383.
Package hyperref Info: PDF/A mode OFF on input line 6388.
LaTeX Info: Redefining \ref on input line 6428.
LaTeX Info: Redefining \pageref on input line 6432.
\Hy@abspage=\count125
\c@Item=\count126
\c@Hfootnote=\count127
)

Package hyperref Message: Driver (autodetected): hpdftex.

(E:\Applis\tex\tex\latex\hyperref\hpdftex.def
File: hpdftex.def 2017/03/14 v6.85a Hyperref driver for pdfTeX
\Fld@listcount=\count128
\c@bookmark@seq@number=\count129

(E:\Applis\tex\tex\latex\oberdiek\rerunfilecheck.sty
Package: rerunfilecheck 2016/05/16 v1.8 Rerun checks for auxiliary files (HO)
Package uniquecounter Info: New unique counter `rerunfilecheck' on input line 2
82.
)
\Hy@SectionHShift=\skip51
)
(E:\Applis\tex\tex\latex\tools\longtable.sty
Package: longtable 2014/10/28 v4.11 Multi-page Table package (DPC)
\LTleft=\skip52
\LTright=\skip53
\LTpre=\skip54
\LTpost=\skip55
\LTchunksize=\count130
\LTcapwidth=\dimen146
\LT@head=\box32
\LT@firsthead=\box33
\LT@foot=\box34
\LT@lastfoot=\box35
\LT@cols=\count131
\LT@rows=\count132
\c@LT@tables=\count133
\c@LT@chunks=\count134
\LT@p@ftn=\toks33
)
(E:\Applis\tex\tex\latex\booktabs\booktabs.sty
Package: booktabs 2005/04/14 v1.61803 publication quality tables
\heavyrulewidth=\dimen147
\lightrulewidth=\dimen148
\cmidrulewidth=\dimen149
\belowrulesep=\dimen150
\belowbottomsep=\dimen151
\aboverulesep=\dimen152
\abovetopsep=\dimen153
\cmidrulesep=\dimen154
\cmidrulekern=\dimen155
\defaultaddspace=\dimen156
\@cmidla=\count135
\@cmidlb=\count136
\@aboverulesep=\dimen157
\@belowrulesep=\dimen158
\@thisruleclass=\count137
\@lastruleclass=\count138
\@thisrulewidth=\dimen159
)
(E:\Applis\tex\tex\latex\enumitem\enumitem.sty
Package: enumitem 2011/09/28 v3.5.2 Customized lists
\labelindent=\skip56
\enit@outerparindent=\dimen160
\enit@toks=\toks34
\enit@inbox=\box36
\enitdp@description=\count139
)
(E:\Applis\tex\tex\latex\ulem\ulem.sty
\UL@box=\box37
\UL@hyphenbox=\box38
\UL@skip=\skip57
\UL@hook=\toks35
\UL@height=\dimen161
\UL@pe=\count140
\UL@pixel=\dimen162
\ULC@box=\box39
Package: ulem 2012/05/18
\ULdepth=\dimen163
)
(E:\Applis\tex\tex\latex\fncychap\fncychap.sty
Package: fncychap 2007/07/30 v1.34 LaTeX package (Revised chapters)
\RW=\skip58
\mylen=\skip59
\myhi=\skip60
\px=\skip61
\py=\skip62
\pyy=\skip63
\pxx=\skip64
)
Package hyperref Info: Option `breaklinks' set `true' on input line 272.
Package hyperref Info: Option `colorlinks' set `true' on input line 272.
 (Python.aux
(w1-s1-c1-versions-python.aux) (w1-s2-c1-installer-python.aux)
(w1-s2-c2-lecture.aux

LaTeX Warning: Label `compluxe9ment---niveau-basique' multiply defined.

) (w1-s4-c1-utiliser-les-notebooks.aux) (w1-s4-c2-interpreteur-et-notebooks.aux
) (w1-s4-c3-fibonacci-prompt.aux

LaTeX Warning: Label `compluxe9ment---niveau-basique' multiply defined.

) (w1-s4-c4-fibonacci.aux

LaTeX Warning: Label `compluxe9ment---niveau-intermuxe9diaire' multiply defined
.

) (w1-s4-c5-shebang.aux) (w1-s4-x1-turtle.aux) (w1-s5-c1-noms-de-variables.aux

LaTeX Warning: Label `compluxe9ment---niveau-basique' multiply defined.

) (w1-s5-c2-mots-cles.aux

LaTeX Warning: Label `pour-en-savoir-plus' multiply defined.

) (w1-s5-c3-introduction-types.aux

LaTeX Warning: Label `compluxe9ment---niveau-basique' multiply defined.


LaTeX Warning: Label `compluxe9ment---niveau-avancuxe9' multiply defined.

) (w1-s5-c4-garbage-collector.aux

LaTeX Warning: Label `compluxe9ment---niveau-basique' multiply defined.


LaTeX Warning: Label `compluxe9ment---niveau-intermuxe9diaire' multiply defined
.

) (w1-s5-c5-type-checking.aux

LaTeX Warning: Label `compluxe9ment---niveau-intermuxe9diaire' multiply defined
.

) (w1-s6-c1-calculette.aux) (w1-s6-c2-affectation-operateurs.aux

LaTeX Warning: Label `compluxe9ment---niveau-intermuxe9diaire' multiply defined
.

) (w1-s6-c3-precision-flottants.aux

LaTeX Warning: Label `compluxe9ment---niveau-avancuxe9' multiply defined.

) (w1-s6-c4-entiers-bit-a-bit.aux

LaTeX Warning: Label `pour-en-savoir-plus' multiply defined.

) (w1-s6-x1-flottants.aux

LaTeX Warning: Label `compluxe9ment---niveau-avancuxe9' multiply defined.

))
\openout1 = `Python.aux'.

LaTeX Font Info:    Checking defaults for OML/cmm/m/it on input line 279.
LaTeX Font Info:    ... okay on input line 279.
LaTeX Font Info:    Checking defaults for T1/cmr/m/n on input line 279.
LaTeX Font Info:    ... okay on input line 279.
LaTeX Font Info:    Checking defaults for OT1/cmr/m/n on input line 279.
LaTeX Font Info:    ... okay on input line 279.
LaTeX Font Info:    Checking defaults for OMS/cmsy/m/n on input line 279.
LaTeX Font Info:    ... okay on input line 279.
LaTeX Font Info:    Checking defaults for OMX/cmex/m/n on input line 279.
LaTeX Font Info:    ... okay on input line 279.
LaTeX Font Info:    Checking defaults for U/cmr/m/n on input line 279.
LaTeX Font Info:    ... okay on input line 279.
LaTeX Font Info:    Checking defaults for TS1/cmr/m/n on input line 279.
LaTeX Font Info:    Try loading font information for TS1+cmr on input line 279.

 (E:\Applis\tex\tex\latex\base\ts1cmr.fd
File: ts1cmr.fd 2014/09/29 v2.5h Standard LaTeX font definitions
)
LaTeX Font Info:    ... okay on input line 279.
LaTeX Font Info:    Checking defaults for PD1/pdf/m/n on input line 279.
LaTeX Font Info:    ... okay on input line 279.
LaTeX Font Info:    Try loading font information for T1+ppl on input line 279.

(E:\Applis\tex\tex\latex\psnfss\t1ppl.fd
File: t1ppl.fd 2001/06/04 font definitions for T1/ppl.
)
LaTeX Info: Redefining \degres on input line 279.
LaTeX Info: Redefining \dots on input line 279.
Package frenchb.ldf Info: Setting StandardItemizeEnv=true for
(frenchb.ldf)             compatibility with enumitem package,
(frenchb.ldf)             reported on input line 279.
Package frenchb.ldf Info: Setting StandardEnumerateEnv=true for
(frenchb.ldf)             compatibility with enumitem package,
(frenchb.ldf)             reported on input line 279.
LaTeX Info: Redefining \up on input line 279.

(E:\Applis\tex\tex\context\base\supp-pdf.mkii
[Loading MPS to PDF converter (version 2006.09.02).]
\scratchcounter=\count141
\scratchdimen=\dimen164
\scratchbox=\box40
\nofMPsegments=\count142
\nofMParguments=\count143
\everyMPshowfont=\toks36
\MPscratchCnt=\count144
\MPscratchDim=\dimen165
\MPnumerator=\count145
\makeMPintoPDFobject=\count146
\everyMPtoPDFconversion=\toks37
) (E:\Applis\tex\tex\latex\oberdiek\epstopdf-base.sty
Package: epstopdf-base 2016/05/15 v2.6 Base part for package epstopdf

(E:\Applis\tex\tex\latex\oberdiek\grfext.sty
Package: grfext 2016/05/16 v1.2 Manage graphics extensions (HO)
)
Package epstopdf-base Info: Redefining graphics rule for `.eps' on input line 4
38.
Package grfext Info: Graphics extension search list:
(grfext)             [.png,.pdf,.jpg,.mps,.jpeg,.jbig2,.jb2,.PNG,.PDF,.JPG,.JPE
G,.JBIG2,.JB2,.eps]
(grfext)             \AppendGraphicsExtensions on input line 456.
)
Package caption Info: Begin \AtBeginDocument code.
Package caption Info: hyperref package is loaded.
Package caption Info: longtable package is loaded.

(E:\Applis\tex\tex\latex\caption\ltcaption.sty
Package: ltcaption 2013/06/09 v1.4-94 longtable captions (AR)
)
Package caption Info: End \AtBeginDocument code.

*geometry* driver: auto-detecting
*geometry* detected driver: pdftex

Package geometry Warning: The marginal notes overrun the paper.
     Add 40.73001pt and more to the right margin.

*geometry* verbose mode - [ preamble ] result:
* driver: pdftex
* paper: a4paper
* layout: <same size as paper>
* layoutoffset:(h,v)=(0.0pt,0.0pt)
* modes: twoside 
* h-part:(L,W,R)=(72.26999pt, 452.9679pt, 72.26999pt)
* v-part:(T,H,B)=(72.26999pt, 700.50687pt, 72.26999pt)
* \paperwidth=597.50787pt
* \paperheight=845.04684pt
* \textwidth=452.9679pt
* \textheight=700.50687pt
* \oddsidemargin=0.0pt
* \evensidemargin=0.0pt
* \topmargin=-31.8738pt
* \headheight=12.0pt
* \headsep=19.8738pt
* \topskip=11.0pt
* \footskip=27.46295pt
* \marginparwidth=106.0pt
* \marginparsep=7.0pt
* \columnsep=10.0pt
* \skip\footins=10.0pt plus 4.0pt minus 2.0pt
* \hoffset=0.0pt
* \voffset=0.0pt
* \mag=1000
* \@twocolumnfalse
* \@twosidetrue
* \@mparswitchtrue
* \@reversemarginfalse
* (1in=72.27pt=25.4mm, 1cm=28.453pt)

(E:\Applis\tex\tex\latex\ucs\ucsencs.def
File: ucsencs.def 2011/01/21 Fixes to fontencodings LGR, T3
)
\AtBeginShipoutBox=\box41
Package hyperref Info: Link coloring ON on input line 279.

(E:\Applis\tex\tex\latex\hyperref\nameref.sty
Package: nameref 2016/05/21 v2.44 Cross-referencing by name of section

(E:\Applis\tex\tex\generic\oberdiek\gettitlestring.sty
Package: gettitlestring 2016/05/16 v1.5 Cleanup title references (HO)
)
\c@section@level=\count147
)
LaTeX Info: Redefining \ref on input line 279.
LaTeX Info: Redefining \pageref on input line 279.
LaTeX Info: Redefining \nameref on input line 279.
 (Python.out)
(Python.out)
\@outlinefile=\write4
\openout4 = `Python.out'.

 <medias/logo1.png, id=171, 582.23155pt x 206.63113pt>
File: medias/logo1.png Graphic file (type png)

<use medias/logo1.png>
Package pdftex.def Info: medias/logo1.png used on input line 296.
(pdftex.def)             Requested size: 362.37569pt x 128.60498pt.
 (E:\Applis\tex\tex\latex\ucs\uni-0.def
File: uni-0.def 2013/05/13 UCS: Unicode data U+0000..U+00FF
)
LaTeX Font Info:    Try loading font information for OT1+ppl on input line 311.


(E:\Applis\tex\tex\latex\psnfss\ot1ppl.fd
File: ot1ppl.fd 2001/06/04 font definitions for OT1/ppl.
)
LaTeX Font Info:    Try loading font information for OML+zplm on input line 311
.

(E:\Applis\tex\tex\latex\psnfss\omlzplm.fd
File: omlzplm.fd 2002/09/08 Fontinst v1.914 font definitions for OML/zplm.
)
LaTeX Font Info:    Try loading font information for OMS+zplm on input line 311
.

(E:\Applis\tex\tex\latex\psnfss\omszplm.fd
File: omszplm.fd 2002/09/08 Fontinst v1.914 font definitions for OMS/zplm.
)
LaTeX Font Info:    Try loading font information for OMX+zplm on input line 311
.

(E:\Applis\tex\tex\latex\psnfss\omxzplm.fd
File: omxzplm.fd 2002/09/08 Fontinst v1.914 font definitions for OMX/zplm.
)
LaTeX Font Info:    Try loading font information for OT1+zplm on input line 311
.

(E:\Applis\tex\tex\latex\psnfss\ot1zplm.fd
File: ot1zplm.fd 2002/09/08 Fontinst v1.914 font definitions for OT1/zplm.
)
LaTeX Font Info:    Font shape `U/msa/m/n' will be
(Font)              scaled to size 11.40997pt on input line 311.
LaTeX Font Info:    Font shape `U/msa/m/n' will be
(Font)              scaled to size 8.33606pt on input line 311.
LaTeX Font Info:    Font shape `U/msa/m/n' will be
(Font)              scaled to size 6.25204pt on input line 311.
LaTeX Font Info:    Font shape `U/msb/m/n' will be
(Font)              scaled to size 11.40997pt on input line 311.
LaTeX Font Info:    Font shape `U/msb/m/n' will be
(Font)              scaled to size 8.33606pt on input line 311.
LaTeX Font Info:    Font shape `U/msb/m/n' will be
(Font)              scaled to size 6.25204pt on input line 311.

<medias/mooc2.png, id=173, 602.25pt x 376.2858pt>
File: medias/mooc2.png Graphic file (type png)
 <use medias/mooc2.png>
Package pdftex.def Info: medias/mooc2.png used on input line 325.
(pdftex.def)             Requested size: 362.37569pt x 226.42201pt.

<medias/mooc.png, id=174, 322.806pt x 40.4712pt>
File: medias/mooc.png Graphic file (type png)
 <use medias/mooc.png>
Package pdftex.def Info: medias/mooc.png used on input line 327.
(pdftex.def)             Requested size: 258.24515pt x 32.37885pt.
 [1


{C:/ProgramData/MiKTeX/2.9/pdftex/config/pdftex.map} <./medias/logo1.png> <./me
dias/mooc2.png> <./medias/mooc.png>] [2

]
LaTeX Font Info:    Font shape `T1/ppl/bx/n' in size <24.88> not available
(Font)              Font shape `T1/ppl/b/n' tried instead on input line 349.
 (Python.toc
LaTeX Font Info:    Font shape `T1/ppl/bx/n' in size <10.95> not available
(Font)              Font shape `T1/ppl/b/n' tried instead on input line 2.
LaTeX Font Info:    Try loading font information for T1+cmtt on input line 100.


(E:\Applis\tex\tex\latex\base\t1cmtt.fd
File: t1cmtt.fd 2014/09/29 v2.5h Standard LaTeX font definitions
) [3])
\tf@toc=\write5
\openout5 = `Python.toc'.

 [4]
Chapitre 1.
LaTeX Font Info:    Try loading font information for OT1+phv on input line 351.

(E:\Applis\tex\tex\latex\psnfss\ot1phv.fd
File: ot1phv.fd 2001/06/04 scalable font definitions for OT1/phv.
)
LaTeX Font Info:    Try loading font information for OT1+ptm on input line 351.


(E:\Applis\tex\tex\latex\psnfss\ot1ptm.fd
File: ot1ptm.fd 2001/06/04 font definitions for OT1/ptm.
) [5

]
\openout2 = `w1-s1-c1-versions-python.aux'.

 (w1-s1-c1-versions-python.tex
LaTeX Font Info:    Font shape `T1/ppl/bx/n' in size <14.4> not available
(Font)              Font shape `T1/ppl/b/n' tried instead on input line 2.
LaTeX Font Info:    Font shape `T1/cmtt/bx/n' in size <10.95> not available
(Font)              Font shape `T1/cmtt/m/n' tried instead on input line 28.
LaTeX Font Info:    Try loading font information for TS1+cmtt on input line 33.


(E:\Applis\tex\tex\latex\base\ts1cmtt.fd
File: ts1cmtt.fd 2014/09/29 v2.5h Standard LaTeX font definitions
)
Underfull \hbox (badness 10000) in paragraph at lines 81--83

 []


Underfull \hbox (badness 10000) in paragraph at lines 84--87

 []


Underfull \hbox (badness 10000) in paragraph at lines 88--90

 []

[6

]
Underfull \hbox (badness 10000) in paragraph at lines 91--94

 []

) [7]
\openout2 = `w1-s2-c1-installer-python.aux'.

 (w1-s2-c1-installer-python.tex
LaTeX Font Info:    Font shape `T1/ppl/bx/n' in size <12> not available
(Font)              Font shape `T1/ppl/b/n' tried instead on input line 8.

Underfull \hbox (badness 10000) in paragraph at lines 27--31

 []

[8


]
Underfull \hbox (badness 10000) in paragraph at lines 132--138

 []

[9]
Underfull \hbox (badness 10000) in paragraph at lines 176--179
[]\T1/ppl/m/n/10.95 pour lan-cer, par exemple, Py-thon en ver-sion 2.7. Vous tr
ou-ve-rez toute
 []


Underfull \hbox (badness 10000) in paragraph at lines 176--179
\T1/ppl/m/n/10.95 la do-cu-men-ta-tion nÈ-ces-saire pour Win-dows sur cette pag
e (en an-glais) :
 []


Underfull \hbox (badness 10000) in paragraph at lines 176--179

 []


Underfull \hbox (badness 10000) in paragraph at lines 189--193
[]\T1/ppl/m/n/10.95 La mÈ-thode re-com-man-dÈe sur Win-dows est de par-tir de l
a page
 []


Underfull \hbox (badness 6675) in paragraph at lines 189--193
[][]\T1/ppl/m/n/10.95 https://www.python.org/download[][] o˘ vous trou-ve-rez u
n pro-gramme d'ins-tal-la-tion
 []


Underfull \hbox (badness 10000) in paragraph at lines 189--193

 []


Underfull \hbox (badness 10000) in paragraph at lines 200--203

 []


Underfull \hbox (badness 10000) in paragraph at lines 215--218

 []


Underfull \hbox (badness 10000) in paragraph at lines 219--220

 []

[10]
Underfull \hbox (badness 10000) in paragraph at lines 260--261

 []


Underfull \hbox (badness 10000) in paragraph at lines 290--293

 []


Underfull \hbox (badness 10000) in paragraph at lines 302--307

 []

) [11]
\openout2 = `w1-s2-c2-lecture.aux'.

 (w1-s2-c2-lecture.texpdfTeX warning (ext4): destination with the same identifi
er (name{compluxe9ment---niveau-basique}) has been already used, duplicate igno
red
<to be read again> 
                   \relax 
l.7 ...que}\label{compluxe9ment---niveau-basique}}
                                                   [12


]) [13]
\openout2 = `w1-s4-c1-utiliser-les-notebooks.aux'.


(w1-s4-c1-utiliser-les-notebooks.tex
<medias/notebook-eval-button.png, id=359, 792.9625pt x 83.31125pt>
File: medias/notebook-eval-button.png Graphic file (type png)

<use medias/notebook-eval-button.png>
Package pdftex.def Info: medias/notebook-eval-button.png used on input line 70.

(pdftex.def)             Requested size: 362.37569pt x 38.0732pt.

Underfull \hbox (badness 10000) in paragraph at lines 70--71

 []

LaTeX Font Info:    Font shape `T1/ppl/bx/it' in size <10.95> not available
(Font)              Font shape `T1/ppl/b/it' tried instead on input line 84.
[14


 <./medias/notebook-eval-button.png>]
Underfull \hbox (badness 10000) in paragraph at lines 97--100

 []


Underfull \hbox (badness 10000) in paragraph at lines 128--131

 []

(E:\Applis\tex\tex\latex\ucs\uni-33.def
File: uni-33.def 2013/05/13 UCS: Unicode data U+2100..U+21FF
) [15]
Underfull \hbox (badness 10000) in paragraph at lines 183--186

 []


Underfull \hbox (badness 10000) in paragraph at lines 195--197

 []


Underfull \hbox (badness 10000) in paragraph at lines 215--220

 []


Underfull \hbox (badness 10000) in paragraph at lines 228--230

 []


Underfull \hbox (badness 10000) in paragraph at lines 231--234

 []

) [16]
\openout2 = `w1-s4-c2-interpreteur-et-notebooks.aux'.

 (w1-s4-c2-interpreteur-et-notebooks.tex
Underfull \hbox (badness 10000) in paragraph at lines 21--23

 []


Underfull \hbox (badness 10000) in paragraph at lines 24--26

 []


Underfull \hbox (badness 10000) in paragraph at lines 27--30

 []


Underfull \hbox (badness 10000) in paragraph at lines 31--36

 []


Underfull \hbox (badness 10000) in paragraph at lines 73--75

 []

[17


]
Underfull \hbox (badness 10000) in paragraph at lines 76--77

 []


Underfull \hbox (badness 10000) in paragraph at lines 106--108

 []


Underfull \hbox (badness 10000) in paragraph at lines 109--113

 []

[18]
Underfull \hbox (badness 10000) in paragraph at lines 211--213

 []

) [19]
\openout2 = `w1-s4-c3-fibonacci-prompt.aux'.

 (w1-s4-c3-fibonacci-prompt.texpdfTeX warning (ext4): destination with the same
 identifier (name{compluxe9ment---niveau-basique}) has been already used, dupli
cate ignored
<to be read again> 
                   \relax 
l.6 ...que}\label{compluxe9ment---niveau-basique}}
                                                  
Underfull \hbox (badness 10000) in paragraph at lines 8--9

 []


Underfull \hbox (badness 10000) in paragraph at lines 10--13

 []

[20


]
Underfull \hbox (badness 10000) in paragraph at lines 131--134

 []

) [21]
\openout2 = `w1-s4-c4-fibonacci.aux'.

 (w1-s4-c4-fibonacci.texpdfTeX warning (ext4): destination with the same identi
fier (name{compluxe9ment---niveau-intermuxe9diaire}) has been already used, dup
licate ignored
<to be read again> 
                   \relax 
l.7 ...l{compluxe9ment---niveau-intermuxe9diaire}}
                                                  
Underfull \hbox (badness 10000) in paragraph at lines 18--19

 []

[22


]) [23]
\openout2 = `w1-s4-c5-shebang.aux'.

 (w1-s4-c5-shebang.tex
LaTeX Font Info:    Font shape `T1/ppl/bx/it' in size <14.4> not available
(Font)              Font shape `T1/ppl/b/it' tried instead on input line 3.

Underfull \hbox (badness 10000) in paragraph at lines 40--47

 []


Underfull \hbox (badness 10000) in paragraph at lines 58--62

 []

[24


]) [25]
\openout2 = `w1-s4-x1-turtle.aux'.

 (w1-s4-x1-turtle.tex
Underfull \hbox (badness 10000) in paragraph at lines 8--9

 []


Underfull \hbox (badness 10000) in paragraph at lines 10--13

 []


Underfull \hbox (badness 10000) in paragraph at lines 15--19

 []


Underfull \hbox (badness 10000) in paragraph at lines 69--71

 []


Underfull \hbox (badness 10000) in paragraph at lines 72--76

 []

) [26


]
\openout2 = `w1-s5-c1-noms-de-variables.aux'.

 (w1-s5-c1-noms-de-variables.texpdfTeX warning (ext4): destination with the sam
e identifier (name{compluxe9ment---niveau-basique}) has been already used, dupl
icate ignored
<to be read again> 
                   \relax 
l.6 ...que}\label{compluxe9ment---niveau-basique}}
                                                  
Underfull \hbox (badness 10000) in paragraph at lines 8--9

 []


Underfull \hbox (badness 10000) in paragraph at lines 37--42

 []


Underfull \hbox (badness 10000) in paragraph at lines 43--45

 []

[27


] (E:\Applis\tex\tex\latex\ucs\uni-3.def
File: uni-3.def 2013/05/13 UCS: Unicode data U+0300..U+03FF
)
(E:\Applis\tex\tex\latex\ucs\uni-34.def
File: uni-34.def 2013/05/13 UCS: Unicode data U+2200..U+22FF
) [28]
(E:\Applis\tex\tex\latex\ucs\uni-471.def
File: uni-471.def 2013/05/13 UCS: Unicode data U+1D700..U+1D7FF
)
(E:\Applis\tex\tex\latex\ucs\uninames.dat
File: uninames.dat 2013/05/13 UCS: Unicode character names, compressed
)
(E:\Applis\tex\tex\latex\ucs\uni-471.def
File: uni-471.def 2013/05/13 UCS: Unicode data U+1D700..U+1D7FF
)

! Package ucs Error: Unknown Unicode character 120735 = U+1D79F,
(ucs)                possibly declared in uni-471.def.
(ucs)                Type H to see if it is available with options.

See the ucs package documentation for explanation.
Type  H <return>  for immediate help.
 ...                                              
                                                  
l.189          \PY{n}{ùûü}
                           
Unicode character 120735 = U+1D79F:
MATHEMATICAL SANS-SERIF BOLD ITALIC CAPITAL PI
Character available with following options:
   autogenerated.
Enter I!<RET> to define the glyph.


Underfull \hbox (badness 10000) in paragraph at lines 232--237

 []


Underfull \hbox (badness 10000) in paragraph at lines 238--241

 []

) [29]
\openout2 = `w1-s5-c2-mots-cles.aux'.

 (w1-s5-c2-mots-cles.tex
Underfull \hbox (badness 10000) in paragraph at lines 7--11

 []


Underfull \hbox (badness 10000) in paragraph at lines 77--82

 []

[30


] (E:\Applis\tex\tex\latex\ucs\uni-1.def
File: uni-1.def 2013/05/13 UCS: Unicode data U+0100..U+01FF
)pdfTeX warning (ext4): destination with the same identifier (name{pour-en-savo
ir-plus}) has been already used, duplicate ignored
<to be read again> 
                   \relax 
l.91 ...n savoir plus}\label{pour-en-savoir-plus}}
                                                  ) [31]
\openout2 = `w1-s5-c3-introduction-types.aux'.


(w1-s5-c3-introduction-types.texpdfTeX warning (ext4): destination with the sam
e identifier (name{compluxe9ment---niveau-basique}) has been already used, dupl
icate ignored
<to be read again> 
                   \relax 
l.7 ...que}\label{compluxe9ment---niveau-basique}}
                                                  
Underfull \hbox (badness 10000) in paragraph at lines 13--17

 []

pdfTeX warning (ext4): destination with the same identifier (name{compluxe9ment
---niveau-avancuxe9}) has been already used, duplicate ignored
<to be read again> 
                   \relax 
l.73 ...}\label{compluxe9ment---niveau-avancuxe9}}
                                                  
Underfull \hbox (badness 10000) in paragraph at lines 92--96

 []


Underfull \hbox (badness 10000) in paragraph at lines 97--101

 []

) [32


] [33]
\openout2 = `w1-s5-c4-garbage-collector.aux'.

 (w1-s5-c4-garbage-collector.texpdfTeX warning (ext4): destination with the sam
e identifier (name{compluxe9ment---niveau-basique}) has been already used, dupl
icate ignored
<to be read again> 
                   \relax 
l.6 ...que}\label{compluxe9ment---niveau-basique}}
                                                  pdfTeX warning (ext4): destin
ation with the same identifier (name{compluxe9ment---niveau-intermuxe9diaire}) 
has been already used, duplicate ignored
<to be read again> 
                   \relax 
l.17 ...{compluxe9ment---niveau-intermuxe9diaire}}
                                                  
Underfull \hbox (badness 10000) in paragraph at lines 22--25

 []


Underfull \hbox (badness 10000) in paragraph at lines 39--42

 []


Underfull \hbox (badness 10000) in paragraph at lines 53--55

 []

[34


]) [35]
\openout2 = `w1-s5-c5-type-checking.aux'.

 (w1-s5-c5-type-checking.texpdfTeX warning (ext4): destination with the same id
entifier (name{compluxe9ment---niveau-intermuxe9diaire}) has been already used,
 duplicate ignored
<to be read again> 
                   \relax 
l.7 ...l{compluxe9ment---niveau-intermuxe9diaire}}
                                                  
Underfull \hbox (badness 10000) in paragraph at lines 84--89

 []


Underfull \hbox (badness 10000) in paragraph at lines 90--93

 []

[36


]
Underfull \hbox (badness 10000) in paragraph at lines 120--122

 []

[37]
Underfull \hbox (badness 10000) in paragraph at lines 208--212

 []


Underfull \hbox (badness 10000) in paragraph at lines 213--215

 []


Underfull \hbox (badness 10000) in paragraph at lines 217--218

 []


Underfull \hbox (badness 10000) in paragraph at lines 238--239

 []


Underfull \hbox (badness 10000) in paragraph at lines 240--243

 []


Underfull \hbox (badness 10000) in paragraph at lines 244--248

 []


Underfull \hbox (badness 10000) in paragraph at lines 249--254

 []

[38]
Underfull \hbox (badness 10000) in paragraph at lines 263--266

 []

) [39]
\openout2 = `w1-s6-c1-calculette.aux'.

 (w1-s6-c1-calculette.tex
Underfull \hbox (badness 10000) in paragraph at lines 30--33

 []

[40


] [41] [42] [43]
Underfull \hbox (badness 10000) in paragraph at lines 375--377

 []


Underfull \hbox (badness 10000) in paragraph at lines 441--443

 []

[44]) [45]
\openout2 = `w1-s6-c2-affectation-operateurs.aux'.

 (w1-s6-c2-affectation-operateurs.tex
LaTeX Font Info:    Font shape `T1/cmtt/bx/n' in size <14.4> not available
(Font)              Font shape `T1/cmtt/m/n' tried instead on input line 3.
pdfTeX warning (ext4): destination with the same identifier (name{compluxe9ment
---niveau-intermuxe9diaire}) has been already used, duplicate ignored
<to be read again> 
                   \relax 
l.7 ...l{compluxe9ment---niveau-intermuxe9diaire}}
                                                   [46


]) [47]
\openout2 = `w1-s6-c3-precision-flottants.aux'.


(w1-s6-c3-precision-flottants.texpdfTeX warning (ext4): destination with the sa
me identifier (name{compluxe9ment---niveau-avancuxe9}) has been already used, d
uplicate ignored
<to be read again> 
                   \relax 
l.7 ...©}\label{compluxe9ment---niveau-avancuxe9}}
                                                  
Underfull \hbox (badness 10000) in paragraph at lines 12--18

 []


Underfull \hbox (badness 10000) in paragraph at lines 45--50

 []


Underfull \hbox (badness 10000) in paragraph at lines 59--62

 []


Underfull \hbox (badness 10000) in paragraph at lines 63--67

 []

[48


]
Underfull \hbox (badness 10000) in paragraph at lines 102--108

 []

) [49]
\openout2 = `w1-s6-c4-entiers-bit-a-bit.aux'.

 (w1-s6-c4-entiers-bit-a-bit.tex
Underfull \hbox (badness 10000) in paragraph at lines 18--21

 []


Underfull \hbox (badness 10000) in paragraph at lines 30--31

 []


Underfull \hbox (badness 10000) in paragraph at lines 32--33

 []


Underfull \hbox (badness 10000) in paragraph at lines 34--36

 []


Underfull \hbox (badness 10000) in paragraph at lines 43--45

 []


Underfull \hbox (badness 10000) in paragraph at lines 55--56

 []


Underfull \hbox (badness 10000) in paragraph at lines 63--65

 []


Underfull \hbox (badness 10000) in paragraph at lines 75--76

 []

(E:\Applis\tex\tex\latex\ucs\uni-2.def
File: uni-2.def 2013/05/13 UCS: Unicode data U+0200..U+02FF
)
Underfull \hbox (badness 10000) in paragraph at lines 83--85

 []

[50


]
Underfull \hbox (badness 10000) in paragraph at lines 116--117

 []

pdfTeX warning (ext4): destination with the same identifier (name{pour-en-savoi
r-plus}) has been already used, duplicate ignored
<to be read again> 
                   \relax 
l.165 ... savoir plus}\label{pour-en-savoir-plus}}
                                                  ) [51]
\openout2 = `w1-s6-x1-flottants.aux'.


(w1-s6-x1-flottants.tex
Underfull \hbox (badness 10000) in paragraph at lines 11--15

 []


Underfull \hbox (badness 10000) in paragraph at lines 16--20

 []

[52


]
Underfull \hbox (badness 10000) in paragraph at lines 113--117

 []


Underfull \hbox (badness 10000) in paragraph at lines 141--147

 []

[53]pdfTeX warning (ext4): destination with the same identifier (name{compluxe9
ment---niveau-avancuxe9}) has been already used, duplicate ignored
<to be read again> 
                   \relax 
l.188 ...\label{compluxe9ment---niveau-avancuxe9}}
                                                  
Underfull \hbox (badness 10000) in paragraph at lines 222--225

 []

) [54]
Package atveryend Info: Empty hook `BeforeClearDocument' on input line 534.
Package atveryend Info: Empty hook `AfterLastShipout' on input line 534.
 (Python.aux (w1-s1-c1-versions-python.aux)
(w1-s2-c1-installer-python.aux) (w1-s2-c2-lecture.aux)
(w1-s4-c1-utiliser-les-notebooks.aux) (w1-s4-c2-interpreteur-et-notebooks.aux)
(w1-s4-c3-fibonacci-prompt.aux) (w1-s4-c4-fibonacci.aux) (w1-s4-c5-shebang.aux)
(w1-s4-x1-turtle.aux) (w1-s5-c1-noms-de-variables.aux) (w1-s5-c2-mots-cles.aux)
(w1-s5-c3-introduction-types.aux) (w1-s5-c4-garbage-collector.aux)
(w1-s5-c5-type-checking.aux) (w1-s6-c1-calculette.aux)
(w1-s6-c2-affectation-operateurs.aux) (w1-s6-c3-precision-flottants.aux)
(w1-s6-c4-entiers-bit-a-bit.aux) (w1-s6-x1-flottants.aux))
Package atveryend Info: Executing hook `AtVeryEndDocument' on input line 534.
Package atveryend Info: Executing hook `AtEndAfterFileList' on input line 534.
Package rerunfilecheck Info: File `Python.out' has not changed.
(rerunfilecheck)             Checksum: 525EB77B00E676B5BBA2A1E1F46B2DD6;3499.


LaTeX Warning: There were multiply-defined labels.

Package atveryend Info: Empty hook `AtVeryVeryEnd' on input line 534.
 ) 
Here is how much of TeX's memory you used:
 15626 strings out of 493323
 220745 string characters out of 3145116
 312949 words of memory out of 3000000
 18429 multiletter control sequences out of 15000+200000
 52161 words of font info for 101 fonts, out of 3000000 for 9000
 1141 hyphenation exceptions out of 8191
 36i,7n,43p,426b,688s stack positions out of 5000i,500n,10000p,200000b,50000s
 <C:\Users\jm.heras\AppData\Local\MiKTeX\2.9\fonts\pk\ljfour\jknappen\ec\dpi6
00\ecst1095.pk> <C:\Users\jm.heras\AppData\Local\MiKTeX\2.9\fonts\pk\ljfour\jkn
appen\ec\dpi600\ectt1440.pk> <C:\Users\jm.heras\AppData\Local\MiKTeX\2.9\fonts\
pk\ljfour\jknappen\ec\dpi600\tcit1095.pk>{E:/Applis/tex/fonts/enc/dvips/base/8r
.enc} <C:\Users\jm.heras\AppData\Local\MiKTeX\2.9\fonts\pk\ljfour\jknappen\ec\d
pi600\tctt1095.pk> <C:\Users\jm.heras\AppData\Local\MiKTeX\2.9\fonts\pk\ljfour\
jknappen\ec\dpi600\ecit1095.pk> <C:\Users\jm.heras\AppData\Local\MiKTeX\2.9\fon
ts\pk\ljfour\jknappen\ec\dpi600\ectt1095.pk><E:/Applis/tex/fonts/type1/public/a
msfonts/cm/cmmi10.pfb><E:/Applis/tex/fonts/type1/public/amsfonts/cm/cmr10.pfb><
E:/Applis/tex/fonts/type1/public/amsfonts/cm/cmsy10.pfb><E:/Applis/tex/fonts/ty
pe1/public/amsfonts/cm/cmtt10.pfb><E:/Applis/tex/fonts/type1/public/mathpazo/fp
lmr.pfb><E:/Applis/tex/fonts/type1/public/mathpazo/fplmri.pfb><E:/Applis/tex/fo
nts/type1/urw/helvetic/uhvr8a.pfb><E:/Applis/tex/fonts/type1/urw/palatino/uplb8
a.pfb><E:/Applis/tex/fonts/type1/urw/palatino/uplbi8a.pfb><E:/Applis/tex/fonts/
type1/urw/palatino/uplr8a.pfb><E:/Applis/tex/fonts/type1/urw/palatino/uplr8a.pf
b><E:/Applis/tex/fonts/type1/urw/palatino/uplri8a.pfb><E:/Applis/tex/fonts/type
1/urw/times/utmr8a.pfb>
Output written on Python.pdf (54 pages, 611541 bytes).
PDF statistics:
 988 PDF objects out of 1000 (max. 8388607)
 293 named destinations out of 1000 (max. 500000)
 357 words of extra memory for PDF output out of 10000 (max. 10000000)

