\BOOKMARK [0][-]{chapter.1}{Introduction au MOOC et aux outils Python}{}% 1
\BOOKMARK [1][-]{section.1.1}{Versions de Python}{chapter.1}% 2
\BOOKMARK [1][-]{section.1.2}{Installer la distribution standard Python}{chapter.1}% 3
\BOOKMARK [2][-]{subsection.1.2.1}{Compl\351ment - niveau basique}{section.1.2}% 4
\BOOKMARK [2][-]{subsection.1.2.2}{Sachez \340 qui vous parlez}{section.1.2}% 5
\BOOKMARK [2][-]{subsection.1.2.3}{Digression - coexistence de Python2 et Python3}{section.1.2}% 6
\BOOKMARK [2][-]{subsection.1.2.4}{Installation de base}{section.1.2}% 7
\BOOKMARK [1][-]{section.1.3}{Un peu de lecture}{chapter.1}% 8
\BOOKMARK [2][-]{subsection.1.3.1}{Compl\351ment - niveau basique}{section.1.3}% 9
\BOOKMARK [2][-]{subsection.1.3.2}{Compl\351ment - niveau interm\351diaire}{section.1.3}% 10
\BOOKMARK [1][-]{section.1.4}{``Notebooks'' Jupyter comme support de cours}{chapter.1}% 11
\BOOKMARK [1][-]{section.1.5}{Modes d'ex\351cution}{chapter.1}% 12
\BOOKMARK [1][-]{section.1.6}{La suite de Fibonacci}{chapter.1}% 13
\BOOKMARK [2][-]{subsection.1.6.1}{Compl\351ment - niveau basique}{section.1.6}% 14
\BOOKMARK [1][-]{section.1.7}{La suite de Fibonacci \(suite\)}{chapter.1}% 15
\BOOKMARK [2][-]{subsection.1.7.1}{Compl\351ment - niveau interm\351diaire}{section.1.7}% 16
\BOOKMARK [1][-]{section.1.8}{La ligne shebang}{chapter.1}% 17
\BOOKMARK [2][-]{subsection.1.8.1}{Compl\351ment - niveau avanc\351}{section.1.8}% 18
\BOOKMARK [1][-]{section.1.9}{Dessiner un carr\351}{chapter.1}% 19
\BOOKMARK [2][-]{subsection.1.9.1}{Exercice - niveau interm\351diaire}{section.1.9}% 20
\BOOKMARK [2][-]{subsection.1.9.2}{Exercice - niveau avanc\351}{section.1.9}% 21
\BOOKMARK [1][-]{section.1.10}{Noms de variables}{chapter.1}% 22
\BOOKMARK [2][-]{subsection.1.10.1}{Compl\351ment - niveau basique}{section.1.10}% 23
\BOOKMARK [1][-]{section.1.11}{Les mots-cl\351s de Python}{chapter.1}% 24
\BOOKMARK [1][-]{section.1.12}{Un peu de calcul sur les types}{chapter.1}% 25
\BOOKMARK [2][-]{subsection.1.12.1}{Compl\351ment - niveau basique}{section.1.12}% 26
\BOOKMARK [2][-]{subsection.1.12.2}{Compl\351ment - niveau avanc\351}{section.1.12}% 27
\BOOKMARK [1][-]{section.1.13}{Gestion de la m\351moire}{chapter.1}% 28
\BOOKMARK [2][-]{subsection.1.13.1}{Compl\351ment - niveau basique}{section.1.13}% 29
\BOOKMARK [2][-]{subsection.1.13.2}{Compl\351ment - niveau interm\351diaire}{section.1.13}% 30
\BOOKMARK [1][-]{section.1.14}{Typages statique et dynamique}{chapter.1}% 31
\BOOKMARK [2][-]{subsection.1.14.1}{Compl\351ment - niveau interm\351diaire}{section.1.14}% 32
\BOOKMARK [1][-]{section.1.15}{Utiliser Python comme une calculette}{chapter.1}% 33
\BOOKMARK [1][-]{section.1.16}{Affectations et Op\351rations \(\340 la +=\)}{chapter.1}% 34
\BOOKMARK [2][-]{subsection.1.16.1}{Compl\351ment - niveau interm\351diaire}{section.1.16}% 35
\BOOKMARK [1][-]{section.1.17}{Notions sur la pr\351cision des calculs flottants}{chapter.1}% 36
\BOOKMARK [2][-]{subsection.1.17.1}{Compl\351ment - niveau avanc\351}{section.1.17}% 37
\BOOKMARK [1][-]{section.1.18}{Op\351rations bit \340 bit \(bitwise\)}{chapter.1}% 38
\BOOKMARK [2][-]{subsection.1.18.1}{Compl\351ments - niveau avanc\351}{section.1.18}% 39
\BOOKMARK [1][-]{section.1.19}{Estimer le plus petit \(grand\) flottant}{chapter.1}% 40
\BOOKMARK [2][-]{subsection.1.19.1}{Exercice - niveau basique}{section.1.19}% 41
\BOOKMARK [2][-]{subsection.1.19.2}{Compl\351ment - niveau avanc\351}{section.1.19}% 42
\BOOKMARK [0][-]{chapter.2}{Notions de base, premier programme en Python}{}% 43
\BOOKMARK [1][-]{section.2.1}{Caract\350res accentu\351s}{chapter.2}% 44
\BOOKMARK [2][-]{subsection.2.1.1}{Compl\351ment - niveau basique}{section.2.1}% 45
\BOOKMARK [2][-]{subsection.2.1.2}{Compl\351ment - niveau interm\351diaire}{section.2.1}% 46
\BOOKMARK [1][-]{section.2.2}{Les outils de base sur les cha\356nes de caract\350res \(str\)}{chapter.2}% 47
\BOOKMARK [2][-]{subsection.2.2.1}{Compl\351ment - niveau interm\351diaire}{section.2.2}% 48
\BOOKMARK [1][-]{section.2.3}{Formatage de cha\356nes de caract\350res}{chapter.2}% 49
\BOOKMARK [2][-]{subsection.2.3.1}{Compl\351ment - niveau basique}{section.2.3}% 50
\BOOKMARK [2][-]{subsection.2.3.2}{Compl\351ment - niveau interm\351diaire}{section.2.3}% 51
\BOOKMARK [2][-]{subsection.2.3.3}{Compl\351ment - niveau avanc\351}{section.2.3}% 52
\BOOKMARK [1][-]{section.2.4}{Obtenir une r\351ponse de l'utilisateur}{chapter.2}% 53
\BOOKMARK [2][-]{subsection.2.4.1}{Compl\351ment - niveau basique}{section.2.4}% 54
\BOOKMARK [1][-]{section.2.5}{Expressions r\351guli\350res et le module re}{chapter.2}% 55
\BOOKMARK [2][-]{subsection.2.5.1}{Compl\351ment - niveau basique}{section.2.5}% 56
\BOOKMARK [2][-]{subsection.2.5.2}{Compl\351ment - niveau interm\351diaire}{section.2.5}% 57
\BOOKMARK [1][-]{section.2.6}{Expressions r\351guli\350res}{chapter.2}% 58
\BOOKMARK [2][-]{subsection.2.6.1}{Exercice - niveau interm\351diaire \(1\)}{section.2.6}% 59
\BOOKMARK [2][-]{subsection.2.6.2}{Exercice - niveau interm\351diaire \(2\)}{section.2.6}% 60
\BOOKMARK [2][-]{subsection.2.6.3}{Exercice - niveau interm\351diaire \(3\)}{section.2.6}% 61
\BOOKMARK [2][-]{subsection.2.6.4}{Exercice - niveau avanc\351}{section.2.6}% 62
\BOOKMARK [1][-]{section.2.7}{Les slices en Python}{chapter.2}% 63
\BOOKMARK [2][-]{subsection.2.7.1}{Compl\351ment - niveau basique}{section.2.7}% 64
\BOOKMARK [2][-]{subsection.2.7.2}{Compl\351ment - niveau avanc\351}{section.2.7}% 65
\BOOKMARK [1][-]{section.2.8}{M\351thodes sp\351cifiques aux listes}{chapter.2}% 66
\BOOKMARK [2][-]{subsection.2.8.1}{Compl\351ment - niveau basique}{section.2.8}% 67
\BOOKMARK [1][-]{section.2.9}{Objets mutables et objets immuables}{chapter.2}% 68
\BOOKMARK [2][-]{subsection.2.9.1}{Compl\351ment - niveau basique}{section.2.9}% 69
\BOOKMARK [1][-]{section.2.10}{Tris de listes}{chapter.2}% 70
\BOOKMARK [2][-]{subsection.2.10.1}{Compl\351ment - niveau basique}{section.2.10}% 71
\BOOKMARK [1][-]{section.2.11}{Indentations en Python}{chapter.2}% 72
\BOOKMARK [2][-]{subsection.2.11.1}{Compl\351ment - niveau basique}{section.2.11}% 73
\BOOKMARK [2][-]{subsection.2.11.2}{Compl\351ment - niveau interm\351diaire}{section.2.11}% 74
\BOOKMARK [2][-]{subsection.2.11.3}{Compl\351ment - niveau avanc\351}{section.2.11}% 75
\BOOKMARK [1][-]{section.2.12}{Bonnes pratiques de pr\351sentation de code}{chapter.2}% 76
\BOOKMARK [2][-]{subsection.2.12.1}{Compl\351ment - niveau basique}{section.2.12}% 77
\BOOKMARK [2][-]{subsection.2.12.2}{Compl\351ment - niveau interm\351diaire}{section.2.12}% 78
\BOOKMARK [1][-]{section.2.13}{L'instruction pass}{chapter.2}% 79
\BOOKMARK [2][-]{subsection.2.13.1}{Compl\351ment - niveau basique}{section.2.13}% 80
\BOOKMARK [2][-]{subsection.2.13.2}{Compl\351ment - niveau interm\351diaire}{section.2.13}% 81
\BOOKMARK [1][-]{section.2.14}{Fonctions avec ou sans valeur de retour}{chapter.2}% 82
\BOOKMARK [2][-]{subsection.2.14.1}{Compl\351ment - niveau basique}{section.2.14}% 83
\BOOKMARK [1][-]{section.2.15}{Formatage des chaines de caract\350res}{chapter.2}% 84
\BOOKMARK [2][-]{subsection.2.15.1}{Exercice - niveau basique}{section.2.15}% 85
\BOOKMARK [1][-]{section.2.16}{S\351quences}{chapter.2}% 86
\BOOKMARK [2][-]{subsection.2.16.1}{Exercice - niveau basique}{section.2.16}% 87
\BOOKMARK [2][-]{subsection.2.16.2}{Exercice - niveau interm\351diaire}{section.2.16}% 88
\BOOKMARK [1][-]{section.2.17}{Listes}{chapter.2}% 89
\BOOKMARK [2][-]{subsection.2.17.1}{Exercice - niveau basique}{section.2.17}% 90
\BOOKMARK [1][-]{section.2.18}{Instruction if et fonction def}{chapter.2}% 91
\BOOKMARK [2][-]{subsection.2.18.1}{Exercice - niveau basique}{section.2.18}% 92
\BOOKMARK [2][-]{subsection.2.18.2}{Exercice - niveau basique}{section.2.18}% 93
\BOOKMARK [1][-]{section.2.19}{Comptage dans les chaines}{chapter.2}% 94
\BOOKMARK [2][-]{subsection.2.19.1}{Exercice - niveau basique}{section.2.19}% 95
\BOOKMARK [2][-]{subsection.2.19.2}{La commande UNIX wc\(1\)}{section.2.19}% 96
\BOOKMARK [1][-]{section.2.20}{Compr\351hensions \(1\)}{chapter.2}% 97
\BOOKMARK [2][-]{subsection.2.20.1}{Exercice - niveau basique}{section.2.20}% 98
\BOOKMARK [2][-]{subsection.2.20.2}{R\351cr\351ation}{section.2.20}% 99
\BOOKMARK [1][-]{section.2.21}{Compr\351hensions \(2\)}{chapter.2}% 100
\BOOKMARK [2][-]{subsection.2.21.1}{Exercice - niveau interm\351diaire}{section.2.21}% 101
\BOOKMARK [0][-]{chapter.3}{Renforcement des notions de base, r\351f\351rences partag\351es}{}% 102
\BOOKMARK [1][-]{section.3.1}{Les fichiers}{chapter.3}% 103
\BOOKMARK [2][-]{subsection.3.1.1}{Compl\351ment - niveau basique}{section.3.1}% 104
\BOOKMARK [2][-]{subsection.3.1.2}{Compl\351ment - niveau interm\351diaire}{section.3.1}% 105
\BOOKMARK [2][-]{subsection.3.1.3}{Compl\351ment - niveau avanc\351}{section.3.1}% 106
\BOOKMARK [1][-]{section.3.2}{Fichiers et utilitaires}{chapter.3}% 107
\BOOKMARK [2][-]{subsection.3.2.1}{Compl\351ment - niveau basique}{section.3.2}% 108
\BOOKMARK [2][-]{subsection.3.2.2}{Compl\351ment - niveau avanc\351}{section.3.2}% 109
\BOOKMARK [1][-]{section.3.3}{Formats de fichiers : JSON et autres}{chapter.3}% 110
\BOOKMARK [2][-]{subsection.3.3.1}{Compl\351ments - niveau basique}{section.3.3}% 111
\BOOKMARK [2][-]{subsection.3.3.2}{Compl\351ments - niveau interm\351diaire}{section.3.3}% 112
\BOOKMARK [1][-]{section.3.4}{Fichiers syst\350mes}{chapter.3}% 113
\BOOKMARK [2][-]{subsection.3.4.1}{Compl\351ment - niveau avanc\351}{section.3.4}% 114
\BOOKMARK [1][-]{section.3.5}{La construction de tuples}{chapter.3}% 115
\BOOKMARK [2][-]{subsection.3.5.1}{Compl\351ment - niveau interm\351diaire}{section.3.5}% 116
\BOOKMARK [1][-]{section.3.6}{Sequence unpacking}{chapter.3}% 117
\BOOKMARK [2][-]{subsection.3.6.1}{Compl\351ment - niveau basique}{section.3.6}% 118
\BOOKMARK [2][-]{subsection.3.6.2}{Compl\351ment - niveau interm\351diaire}{section.3.6}% 119
\BOOKMARK [2][-]{subsection.3.6.3}{Pour en savoir plus}{section.3.6}% 120
\BOOKMARK [1][-]{section.3.7}{Plusieurs variables dans une boucle for}{chapter.3}% 121
\BOOKMARK [2][-]{subsection.3.7.1}{Compl\351ment - niveau basique}{section.3.7}% 122
\BOOKMARK [2][-]{subsection.3.7.2}{Compl\351ment - niveau interm\351diaire}{section.3.7}% 123
\BOOKMARK [1][-]{section.3.8}{Fichiers}{chapter.3}% 124
\BOOKMARK [2][-]{subsection.3.8.1}{Exercice - niveau basique}{section.3.8}% 125
\BOOKMARK [1][-]{section.3.9}{Sequence unpacking}{chapter.3}% 126
\BOOKMARK [2][-]{subsection.3.9.1}{Exercice - niveau basique}{section.3.9}% 127
\BOOKMARK [1][-]{section.3.10}{Dictionnaires}{chapter.3}% 128
\BOOKMARK [2][-]{subsection.3.10.1}{Compl\351ment - niveau basique}{section.3.10}% 129
\BOOKMARK [2][-]{subsection.3.10.2}{Compl\351ment - niveau interm\351diaire}{section.3.10}% 130
\BOOKMARK [2][-]{subsection.3.10.3}{Compl\351ment - niveau avanc\351}{section.3.10}% 131
\BOOKMARK [1][-]{section.3.11}{Cl\351s immuables}{chapter.3}% 132
\BOOKMARK [2][-]{subsection.3.11.1}{Compl\351ment - niveau interm\351diaire}{section.3.11}% 133
\BOOKMARK [1][-]{section.3.12}{G\351rer des enregistrements}{chapter.3}% 134
\BOOKMARK [2][-]{subsection.3.12.1}{Compl\351ment - niveau interm\351diaire}{section.3.12}% 135
\BOOKMARK [2][-]{subsection.3.12.2}{Compl\351ment - niveau avanc\351}{section.3.12}% 136
\BOOKMARK [1][-]{section.3.13}{Dictionnaires et listes}{chapter.3}% 137
\BOOKMARK [2][-]{subsection.3.13.1}{Exercice - niveau basique}{section.3.13}% 138
\BOOKMARK [1][-]{section.3.14}{Fusionner des donn\351es}{chapter.3}% 139
\BOOKMARK [2][-]{subsection.3.14.1}{Exercices}{section.3.14}% 140
\BOOKMARK [1][-]{section.3.15}{Ensembles}{chapter.3}% 141
\BOOKMARK [2][-]{subsection.3.15.1}{Compl\351ment - niveau basique}{section.3.15}% 142
\BOOKMARK [1][-]{section.3.16}{Ensembles}{chapter.3}% 143
\BOOKMARK [2][-]{subsection.3.16.1}{Exercice - niveau basique}{section.3.16}% 144
\BOOKMARK [2][-]{subsection.3.16.2}{Deuxi\350me partie - niveau basique}{section.3.16}% 145
\BOOKMARK [1][-]{section.3.17}{Exercice sur les ensembles}{chapter.3}% 146
\BOOKMARK [2][-]{subsection.3.17.1}{Exercice - niveau interm\351diaire}{section.3.17}% 147
\BOOKMARK [1][-]{section.3.18}{try \203 else \203 finally}{chapter.3}% 148
\BOOKMARK [2][-]{subsection.3.18.1}{Compl\351ment - niveau interm\351diaire}{section.3.18}% 149
\BOOKMARK [1][-]{section.3.19}{L'op\351rateur is}{chapter.3}% 150
\BOOKMARK [2][-]{subsection.3.19.1}{Compl\351ment - niveau basique}{section.3.19}% 151
\BOOKMARK [2][-]{subsection.3.19.2}{Compl\351ment - niveau interm\351diaire}{section.3.19}% 152
\BOOKMARK [1][-]{section.3.20}{Listes infinies \046 r\351f\351rences circulaires}{chapter.3}% 153
\BOOKMARK [2][-]{subsection.3.20.1}{Compl\351ment - niveau interm\351diaire}{section.3.20}% 154
\BOOKMARK [1][-]{section.3.21}{Les diff\351rentes copies}{chapter.3}% 155
\BOOKMARK [2][-]{subsection.3.21.1}{Compl\351ment - niveau basique}{section.3.21}% 156
\BOOKMARK [2][-]{subsection.3.21.2}{Compl\351ment - niveau interm\351diaire}{section.3.21}% 157
\BOOKMARK [1][-]{section.3.22}{L'instruction del}{chapter.3}% 158
\BOOKMARK [2][-]{subsection.3.22.1}{Compl\351ment - niveau basique}{section.3.22}% 159
\BOOKMARK [1][-]{section.3.23}{Affectation simultan\351e}{chapter.3}% 160
\BOOKMARK [2][-]{subsection.3.23.1}{Compl\351ment - niveau basique}{section.3.23}% 161
\BOOKMARK [1][-]{section.3.24}{Les instructions += et autres revisit\351es}{chapter.3}% 162
\BOOKMARK [2][-]{subsection.3.24.1}{Compl\351ment - niveau interm\351diaire}{section.3.24}% 163
\BOOKMARK [1][-]{section.3.25}{Classe}{chapter.3}% 164
\BOOKMARK [2][-]{subsection.3.25.1}{Exercice - niveau basique}{section.3.25}% 165
